<?xml version="1.0" encoding="UTF-8"?>
<robot generator="Robot 3.2.2 (Python 3.9.0 on win32)" generated="20210118 21:00:59.582" rpa="false">
<suite id="s1" name="Test" source="C:\Epsi\script\Robot_Framework\robot\test\test.robot">
<test id="s1-t1" name="Log Hello World">
<kw name="Log" library="BuiltIn">
<doc>Logs the given message with the given level.</doc>
<arguments>
<arg>Hello World!</arg>
</arguments>
<msg timestamp="20210118 21:00:59.800" level="INFO">Hello World!</msg>
<status status="PASS" starttime="20210118 21:00:59.800" endtime="20210118 21:00:59.801"></status>
</kw>
<doc>Simple test 1</doc>
<status status="PASS" starttime="20210118 21:00:59.800" endtime="20210118 21:00:59.801" critical="yes"></status>
</test>
<test id="s1-t2" name="Log Goodbye">
<kw name="Log" library="BuiltIn">
<doc>Logs the given message with the given level.</doc>
<arguments>
<arg>Goodbye!</arg>
</arguments>
<msg timestamp="20210118 21:00:59.803" level="INFO">Goodbye!</msg>
<status status="PASS" starttime="20210118 21:00:59.802" endtime="20210118 21:00:59.803"></status>
</kw>
<doc>Simple test 2</doc>
<status status="PASS" starttime="20210118 21:00:59.802" endtime="20210118 21:00:59.803" critical="yes"></status>
</test>
<test id="s1-t3" name="Search Domain">
<kw name="Open Browser" library="SeleniumLibrary">
<doc>Opens a new browser instance to the optional ``url``.</doc>
<arguments>
<arg>https://ca.godaddy.com/</arg>
<arg>chrome</arg>
</arguments>
<msg timestamp="20210118 21:00:59.804" level="INFO">Opening browser 'chrome' to base url 'https://ca.godaddy.com/'.</msg>
<kw name="Capture Page Screenshot" library="SeleniumLibrary">
<doc>Takes a screenshot of the current page and embeds it into a log file.</doc>
<msg timestamp="20210118 21:01:13.950" level="INFO">Cannot capture screenshot because no browser is open.</msg>
<status status="PASS" starttime="20210118 21:01:13.949" endtime="20210118 21:01:13.950"></status>
</kw>
<msg timestamp="20210118 21:01:13.967" level="FAIL">SessionNotCreatedException: Message: session not created: This version of ChromeDriver only supports Chrome version 88
Current browser version is 87.0.4280.141 with binary path C:\Program Files (x86)\Google\Chrome\Application\chrome.exe
</msg>
<status status="FAIL" starttime="20210118 21:00:59.804" endtime="20210118 21:01:13.967"></status>
</kw>
<doc>Simple domain name search</doc>
<status status="FAIL" starttime="20210118 21:00:59.804" endtime="20210118 21:01:13.968" critical="yes">SessionNotCreatedException: Message: session not created: This version of ChromeDriver only supports Chrome version 88
Current browser version is 87.0.4280.141 with binary path C:\Program Files (x86)\Google\Chrome\Application\chrome.exe
</status>
</test>
<doc>Test exemple</doc>
<status status="FAIL" starttime="20210118 21:00:59.583" endtime="20210118 21:01:13.976"></status>
</suite>
<statistics>
<total>
<stat pass="2" fail="1">Critical Tests</stat>
<stat pass="2" fail="1">All Tests</stat>
</total>
<tag>
</tag>
<suite>
<stat pass="2" fail="1" id="s1" name="Test">Test</stat>
</suite>
</statistics>
<errors>
<msg timestamp="20210118 21:00:59.786" level="ERROR">Error in file 'C:\Epsi\script\Robot_Framework\robot\test\test.robot' on line 7: Importing test library 'Selenium2Library' failed: ModuleNotFoundError: No module named 'Selenium2Library'
Traceback (most recent call last):
  None
PYTHONPATH:
  C:\Users\damie\AppData\Local\Programs\Python\Python39\Scripts\robot.exe
  c:\users\damie\appdata\local\programs\python\python39\python39.zip
  c:\users\damie\appdata\local\programs\python\python39\DLLs
  c:\users\damie\appdata\local\programs\python\python39\lib
  c:\users\damie\appdata\local\programs\python\python39
  C:\Users\damie\AppData\Roaming\Python\Python39\site-packages
  c:\users\damie\appdata\local\programs\python\python39\lib\site-packages</msg>
</errors>
</robot>
